Flow report for genio
Thu Nov 21 21:19:23 2019
Quartus II 64-Bit Version 15.0.2 Build 153 07/15/2015 SJ Web Edition


---------------------
; Table of Contents ;
---------------------
  1. Legal Notice
  2. Flow Summary
  3. Flow Settings
  4. Flow Non-Default Global Settings
  5. Flow Elapsed Time
  6. Flow OS Summary
  7. Flow Log
  8. Flow Messages
  9. Flow Suppressed Messages



----------------
; Legal Notice ;
----------------
Copyright (C) 1991-2015 Altera Corporation. All rights reserved.
Your use of Altera Corporation's design tools, logic functions 
and other software and tools, and its AMPP partner logic 
functions, and any output files from any of the foregoing 
(including device programming or simulation files), and any 
associated documentation or information are expressly subject 
to the terms and conditions of the Altera Program License 
Subscription Agreement, the Altera Quartus II License Agreement,
the Altera MegaCore Function License Agreement, or other 
applicable license agreement, including, without limitation, 
that your use is for the sole purpose of programming logic 
devices manufactured by Altera and sold by Altera or its 
authorized distributors.  Please refer to the applicable 
agreement for further details.



+------------------------------------------------------------------------------+
; Flow Summary                                                                 ;
+---------------------------------+--------------------------------------------+
; Flow Status                     ; Successful - Thu Nov 21 21:19:23 2019      ;
; Quartus II 64-Bit Version       ; 15.0.2 Build 153 07/15/2015 SJ Web Edition ;
; Revision Name                   ; genio                                      ;
; Top-level Entity Name           ; genio                                      ;
; Family                          ; Cyclone V                                  ;
; Device                          ; 5CSEMA5F31C6                               ;
; Timing Models                   ; Final                                      ;
; Logic utilization (in ALMs)     ; 158 / 32,070 ( < 1 % )                     ;
; Total registers                 ; 298                                        ;
; Total pins                      ; 67 / 457 ( 15 % )                          ;
; Total virtual pins              ; 0                                          ;
; Total block memory bits         ; 0 / 4,065,280 ( 0 % )                      ;
; Total DSP Blocks                ; 0 / 87 ( 0 % )                             ;
; Total HSSI RX PCSs              ; 0                                          ;
; Total HSSI PMA RX Deserializers ; 0                                          ;
; Total HSSI TX PCSs              ; 0                                          ;
; Total HSSI PMA TX Serializers   ; 0                                          ;
; Total PLLs                      ; 0 / 6 ( 0 % )                              ;
; Total DLLs                      ; 0 / 4 ( 0 % )                              ;
+---------------------------------+--------------------------------------------+


+-----------------------------------------+
; Flow Settings                           ;
+-------------------+---------------------+
; Option            ; Setting             ;
+-------------------+---------------------+
; Start date & time ; 11/21/2019 21:16:28 ;
; Main task         ; Compilation         ;
; Revision Name     ; genio               ;
+-------------------+---------------------+


+-------------------------------------------------------------------------------------------------------------------+
; Flow Non-Default Global Settings                                                                                  ;
+-------------------------------------+------------------------------+---------------+-------------+----------------+
; Assignment Name                     ; Value                        ; Default Value ; Entity Name ; Section Id     ;
+-------------------------------------+------------------------------+---------------+-------------+----------------+
; COMPILER_SIGNATURE_ID               ; 133844686024.157437818805683 ; --            ; --          ; --             ;
; EDA_OUTPUT_DATA_FORMAT              ; Vhdl                         ; --            ; --          ; eda_simulation ;
; EDA_SIMULATION_TOOL                 ; ModelSim-Altera (VHDL)       ; <None>        ; --          ; --             ;
; MAX_CORE_JUNCTION_TEMP              ; 85                           ; --            ; --          ; --             ;
; MIN_CORE_JUNCTION_TEMP              ; 0                            ; --            ; --          ; --             ;
; PARTITION_COLOR                     ; 16764057                     ; --            ; --          ; Top            ;
; PARTITION_COLOR                     ; 16764057                     ; --            ; ghrd_top    ; Top            ;
; PARTITION_COLOR                     ; 16764057                     ; --            ; topo        ; Top            ;
; PARTITION_FITTER_PRESERVATION_LEVEL ; PLACEMENT_AND_ROUTING        ; --            ; --          ; Top            ;
; PARTITION_FITTER_PRESERVATION_LEVEL ; PLACEMENT_AND_ROUTING        ; --            ; ghrd_top    ; Top            ;
; PARTITION_FITTER_PRESERVATION_LEVEL ; PLACEMENT_AND_ROUTING        ; --            ; topo        ; Top            ;
; PARTITION_NETLIST_TYPE              ; SOURCE                       ; --            ; --          ; Top            ;
; PARTITION_NETLIST_TYPE              ; SOURCE                       ; --            ; ghrd_top    ; Top            ;
; PARTITION_NETLIST_TYPE              ; SOURCE                       ; --            ; topo        ; Top            ;
; PROJECT_OUTPUT_DIRECTORY            ; output_files                 ; --            ; --          ; --             ;
+-------------------------------------+------------------------------+---------------+-------------+----------------+


+-------------------------------------------------------------------------------------------------------------------------------+
; Flow Elapsed Time                                                                                                             ;
+---------------------------+--------------+-------------------------+---------------------+------------------------------------+
; Module Name               ; Elapsed Time ; Average Processors Used ; Peak Virtual Memory ; Total CPU Time (on all processors) ;
+---------------------------+--------------+-------------------------+---------------------+------------------------------------+
; Analysis & Synthesis      ; 00:00:22     ; 1.0                     ; 1064 MB             ; 00:00:33                           ;
; Fitter                    ; 00:01:48     ; 1.0                     ; 1923 MB             ; 00:01:52                           ;
; Assembler                 ; 00:00:16     ; 1.0                     ; 984 MB              ; 00:00:16                           ;
; TimeQuest Timing Analyzer ; 00:00:17     ; 1.0                     ; 1222 MB             ; 00:00:16                           ;
; EDA Netlist Writer        ; 00:00:03     ; 1.0                     ; 1184 MB             ; 00:00:02                           ;
; Total                     ; 00:02:46     ; --                      ; --                  ; 00:02:59                           ;
+---------------------------+--------------+-------------------------+---------------------+------------------------------------+


+---------------------------------------------------------------------------------------------------------------------------+
; Flow OS Summary                                                                                                           ;
+---------------------------+------------------------------------------------+----------------+------------+----------------+
; Module Name               ; Machine Hostname                               ; OS Name        ; OS Version ; Processor type ;
+---------------------------+------------------------------------------------+----------------+------------+----------------+
; Analysis & Synthesis      ; labsdg-HP-Compaq-dc7800p-Convertible-Minitower ; Ubuntu 14.04.6 ; 14         ; x86_64         ;
; Fitter                    ; labsdg-HP-Compaq-dc7800p-Convertible-Minitower ; Ubuntu 14.04.6 ; 14         ; x86_64         ;
; Assembler                 ; labsdg-HP-Compaq-dc7800p-Convertible-Minitower ; Ubuntu 14.04.6 ; 14         ; x86_64         ;
; TimeQuest Timing Analyzer ; labsdg-HP-Compaq-dc7800p-Convertible-Minitower ; Ubuntu 14.04.6 ; 14         ; x86_64         ;
; EDA Netlist Writer        ; labsdg-HP-Compaq-dc7800p-Convertible-Minitower ; Ubuntu 14.04.6 ; 14         ; x86_64         ;
+---------------------------+------------------------------------------------+----------------+------------+----------------+


------------
; Flow Log ;
------------
quartus_map --read_settings_files=on --write_settings_files=off genio -c genio
quartus_fit --read_settings_files=off --write_settings_files=off genio -c genio
quartus_asm --read_settings_files=off --write_settings_files=off genio -c genio
quartus_sta genio -c genio
quartus_eda --read_settings_files=off --write_settings_files=off genio -c genio



