Analysis & Synthesis report for Genius
Thu Nov 21 22:40:42 2019
Quartus Prime Version 19.1.0 Build 670 09/22/2019 SJ Lite Edition


---------------------
; Table of Contents ;
---------------------
  1. Legal Notice
  2. Analysis & Synthesis Summary
  3. Analysis & Synthesis Settings
  4. Parallel Compilation
  5. Analysis & Synthesis Source Files Read
  6. Analysis & Synthesis Resource Usage Summary
  7. Analysis & Synthesis Resource Utilization by Entity
  8. State Machine - |Genius|control:ctrl|ea
  9. State Machine - |Genius|datapath:dtp|buttonSync:btn_sync|btn_3state
 10. State Machine - |Genius|datapath:dtp|buttonSync:btn_sync|btn2_state
 11. State Machine - |Genius|datapath:dtp|buttonSync:btn_sync|btn1_state
 12. State Machine - |Genius|datapath:dtp|buttonSync:btn_sync|btn0_state
 13. Registers Removed During Synthesis
 14. General Register Statistics
 15. Multiplexer Restructuring Statistics (Restructuring Performed)
 16. Port Connectivity Checks: "datapath:dtp|multiplexador2:h1_mux1"
 17. Port Connectivity Checks: "datapath:dtp|multiplexador2:h2_mux1"
 18. Port Connectivity Checks: "datapath:dtp|multiplexador2:h3_mux2"
 19. Port Connectivity Checks: "datapath:dtp|multiplexador2:h3_mux1"
 20. Port Connectivity Checks: "datapath:dtp|multiplexador2:h4_mux1"
 21. Port Connectivity Checks: "datapath:dtp|decodificador:h4_decod"
 22. Port Connectivity Checks: "datapath:dtp|multiplexador2:h5_mux2"
 23. Port Connectivity Checks: "datapath:dtp|multiplexador2:h5_mux1"
 24. Port Connectivity Checks: "datapath:dtp|contador:counter_time"
 25. Port Connectivity Checks: "datapath:dtp|contador:counter_user"
 26. Post-Synthesis Netlist Statistics for Top Partition
 27. Elapsed Time Per Partition
 28. Analysis & Synthesis Messages



----------------
; Legal Notice ;
----------------
Copyright (C) 2019  Intel Corporation. All rights reserved.
Your use of Intel Corporation's design tools, logic functions 
and other software and tools, and any partner logic 
functions, and any output files from any of the foregoing 
(including device programming or simulation files), and any 
associated documentation or information are expressly subject 
to the terms and conditions of the Intel Program License 
Subscription Agreement, the Intel Quartus Prime License Agreement,
the Intel FPGA IP License Agreement, or other applicable license
agreement, including, without limitation, that your use is for
the sole purpose of programming logic devices manufactured by
Intel and sold by Intel or its authorized distributors.  Please
refer to the applicable agreement for further details, at
https://fpgasoftware.intel.com/eula.



+-------------------------------------------------------------------------------+
; Analysis & Synthesis Summary                                                  ;
+---------------------------------+---------------------------------------------+
; Analysis & Synthesis Status     ; Successful - Thu Nov 21 22:40:42 2019       ;
; Quartus Prime Version           ; 19.1.0 Build 670 09/22/2019 SJ Lite Edition ;
; Revision Name                   ; Genius                                      ;
; Top-level Entity Name           ; Genius                                      ;
; Family                          ; Cyclone V                                   ;
; Logic utilization (in ALMs)     ; N/A                                         ;
; Total registers                 ; 287                                         ;
; Total pins                      ; 67                                          ;
; Total virtual pins              ; 0                                           ;
; Total block memory bits         ; 0                                           ;
; Total DSP Blocks                ; 0                                           ;
; Total HSSI RX PCSs              ; 0                                           ;
; Total HSSI PMA RX Deserializers ; 0                                           ;
; Total HSSI TX PCSs              ; 0                                           ;
; Total HSSI PMA TX Serializers   ; 0                                           ;
; Total PLLs                      ; 0                                           ;
; Total DLLs                      ; 0                                           ;
+---------------------------------+---------------------------------------------+


+---------------------------------------------------------------------------------------------------------------------------+
; Analysis & Synthesis Settings                                                                                             ;
+---------------------------------------------------------------------------------+--------------------+--------------------+
; Option                                                                          ; Setting            ; Default Value      ;
+---------------------------------------------------------------------------------+--------------------+--------------------+
; Device                                                                          ; 5CSEMA5F31C6       ;                    ;
; Top-level entity name                                                           ; Genius             ; Genius             ;
; Family name                                                                     ; Cyclone V          ; Cyclone V          ;
; Use smart compilation                                                           ; Off                ; Off                ;
; Enable parallel Assembler and Timing Analyzer during compilation                ; On                 ; On                 ;
; Enable compact report table                                                     ; Off                ; Off                ;
; Restructure Multiplexers                                                        ; Auto               ; Auto               ;
; MLAB Add Timing Constraints For Mixed-Port Feed-Through Mode Setting Don't Care ; Off                ; Off                ;
; Create Debugging Nodes for IP Cores                                             ; Off                ; Off                ;
; Preserve fewer node names                                                       ; On                 ; On                 ;
; Intel FPGA IP Evaluation Mode                                                   ; Enable             ; Enable             ;
; Verilog Version                                                                 ; Verilog_2001       ; Verilog_2001       ;
; VHDL Version                                                                    ; VHDL_1993          ; VHDL_1993          ;
; State Machine Processing                                                        ; Auto               ; Auto               ;
; Safe State Machine                                                              ; Off                ; Off                ;
; Extract Verilog State Machines                                                  ; On                 ; On                 ;
; Extract VHDL State Machines                                                     ; On                 ; On                 ;
; Ignore Verilog initial constructs                                               ; Off                ; Off                ;
; Iteration limit for constant Verilog loops                                      ; 5000               ; 5000               ;
; Iteration limit for non-constant Verilog loops                                  ; 250                ; 250                ;
; Add Pass-Through Logic to Inferred RAMs                                         ; On                 ; On                 ;
; Infer RAMs from Raw Logic                                                       ; On                 ; On                 ;
; Parallel Synthesis                                                              ; On                 ; On                 ;
; DSP Block Balancing                                                             ; Auto               ; Auto               ;
; NOT Gate Push-Back                                                              ; On                 ; On                 ;
; Power-Up Don't Care                                                             ; On                 ; On                 ;
; Remove Redundant Logic Cells                                                    ; Off                ; Off                ;
; Remove Duplicate Registers                                                      ; On                 ; On                 ;
; Ignore CARRY Buffers                                                            ; Off                ; Off                ;
; Ignore CASCADE Buffers                                                          ; Off                ; Off                ;
; Ignore GLOBAL Buffers                                                           ; Off                ; Off                ;
; Ignore ROW GLOBAL Buffers                                                       ; Off                ; Off                ;
; Ignore LCELL Buffers                                                            ; Off                ; Off                ;
; Ignore SOFT Buffers                                                             ; On                 ; On                 ;
; Limit AHDL Integers to 32 Bits                                                  ; Off                ; Off                ;
; Optimization Technique                                                          ; Balanced           ; Balanced           ;
; Carry Chain Length                                                              ; 70                 ; 70                 ;
; Auto Carry Chains                                                               ; On                 ; On                 ;
; Auto Open-Drain Pins                                                            ; On                 ; On                 ;
; Perform WYSIWYG Primitive Resynthesis                                           ; Off                ; Off                ;
; Auto ROM Replacement                                                            ; On                 ; On                 ;
; Auto RAM Replacement                                                            ; On                 ; On                 ;
; Auto DSP Block Replacement                                                      ; On                 ; On                 ;
; Auto Shift Register Replacement                                                 ; Auto               ; Auto               ;
; Allow Shift Register Merging across Hierarchies                                 ; Auto               ; Auto               ;
; Auto Clock Enable Replacement                                                   ; On                 ; On                 ;
; Strict RAM Replacement                                                          ; Off                ; Off                ;
; Allow Synchronous Control Signals                                               ; On                 ; On                 ;
; Force Use of Synchronous Clear Signals                                          ; Off                ; Off                ;
; Auto Resource Sharing                                                           ; Off                ; Off                ;
; Allow Any RAM Size For Recognition                                              ; Off                ; Off                ;
; Allow Any ROM Size For Recognition                                              ; Off                ; Off                ;
; Allow Any Shift Register Size For Recognition                                   ; Off                ; Off                ;
; Use LogicLock Constraints during Resource Balancing                             ; On                 ; On                 ;
; Ignore translate_off and synthesis_off directives                               ; Off                ; Off                ;
; Timing-Driven Synthesis                                                         ; On                 ; On                 ;
; Report Parameter Settings                                                       ; On                 ; On                 ;
; Report Source Assignments                                                       ; On                 ; On                 ;
; Report Connectivity Checks                                                      ; On                 ; On                 ;
; Ignore Maximum Fan-Out Assignments                                              ; Off                ; Off                ;
; Synchronization Register Chain Length                                           ; 3                  ; 3                  ;
; Power Optimization During Synthesis                                             ; Normal compilation ; Normal compilation ;
; HDL message level                                                               ; Level2             ; Level2             ;
; Suppress Register Optimization Related Messages                                 ; Off                ; Off                ;
; Number of Removed Registers Reported in Synthesis Report                        ; 5000               ; 5000               ;
; Number of Swept Nodes Reported in Synthesis Report                              ; 5000               ; 5000               ;
; Number of Inverted Registers Reported in Synthesis Report                       ; 100                ; 100                ;
; Clock MUX Protection                                                            ; On                 ; On                 ;
; Auto Gated Clock Conversion                                                     ; Off                ; Off                ;
; Block Design Naming                                                             ; Auto               ; Auto               ;
; SDC constraint protection                                                       ; Off                ; Off                ;
; Synthesis Effort                                                                ; Auto               ; Auto               ;
; Shift Register Replacement - Allow Asynchronous Clear Signal                    ; On                 ; On                 ;
; Pre-Mapping Resynthesis Optimization                                            ; Off                ; Off                ;
; Analysis & Synthesis Message Level                                              ; Medium             ; Medium             ;
; Disable Register Merging Across Hierarchies                                     ; Auto               ; Auto               ;
; Resource Aware Inference For Block RAM                                          ; On                 ; On                 ;
; Automatic Parallel Synthesis                                                    ; On                 ; On                 ;
; Partial Reconfiguration Bitstream ID                                            ; Off                ; Off                ;
+---------------------------------------------------------------------------------+--------------------+--------------------+


+------------------------------------------+
; Parallel Compilation                     ;
+----------------------------+-------------+
; Processors                 ; Number      ;
+----------------------------+-------------+
; Number detected on machine ; 4           ;
; Maximum allowed            ; 2           ;
;                            ;             ;
; Average used               ; 1.00        ;
; Maximum used               ; 2           ;
;                            ;             ;
; Usage by Processor         ; % Time Used ;
;     Processor 1            ; 100.0%      ;
;     Processor 2            ;   0.0%      ;
+----------------------------+-------------+


+----------------------------------------------------------------------------------------------------------------------------------------------------+
; Analysis & Synthesis Source Files Read                                                                                                             ;
+----------------------------------+-----------------+-----------------+-------------------------------------------------------------------+---------+
; File Name with User-Entered Path ; Used in Netlist ; File Type       ; File Name with Absolute Path                                      ; Library ;
+----------------------------------+-----------------+-----------------+-------------------------------------------------------------------+---------+
; Genius.vhd                       ; yes             ; User VHDL File  ; /home/allan/Desktop/Genius/Genius/Genius.vhd                      ;         ;
; components/buttonSync.vhd        ; yes             ; User VHDL File  ; /home/allan/Desktop/Genius/Genius/components/buttonSync.vhd       ;         ;
; components/comp.vhd              ; yes             ; User VHDL File  ; /home/allan/Desktop/Genius/Genius/components/comp.vhd             ;         ;
; components/contador.vhd          ; yes             ; User VHDL File  ; /home/allan/Desktop/Genius/Genius/components/contador.vhd         ;         ;
; components/control.vhd           ; yes             ; User VHDL File  ; /home/allan/Desktop/Genius/Genius/components/control.vhd          ;         ;
; components/datapath.vhd          ; yes             ; User VHDL File  ; /home/allan/Desktop/Genius/Genius/components/datapath.vhd         ;         ;
; components/decodificador.vhd     ; yes             ; User VHDL File  ; /home/allan/Desktop/Genius/Genius/components/decodificador.vhd    ;         ;
; components/divClock.vhd          ; yes             ; User VHDL File  ; /home/allan/Desktop/Genius/Genius/components/divClock.vhd         ;         ;
; components/logic.vhd             ; yes             ; User VHDL File  ; /home/allan/Desktop/Genius/Genius/components/logic.vhd            ;         ;
; components/multiplexador.vhd     ; yes             ; User VHDL File  ; /home/allan/Desktop/Genius/Genius/components/multiplexador.vhd    ;         ;
; components/multiplexador2.vhd    ; yes             ; User VHDL File  ; /home/allan/Desktop/Genius/Genius/components/multiplexador2.vhd   ;         ;
; components/multiplexadorclk.vhd  ; yes             ; User VHDL File  ; /home/allan/Desktop/Genius/Genius/components/multiplexadorclk.vhd ;         ;
; components/registrador8.vhd      ; yes             ; User VHDL File  ; /home/allan/Desktop/Genius/Genius/components/registrador8.vhd     ;         ;
; components/registrador64.vhd     ; yes             ; User VHDL File  ; /home/allan/Desktop/Genius/Genius/components/registrador64.vhd    ;         ;
; components/seq1.vhd              ; yes             ; User VHDL File  ; /home/allan/Desktop/Genius/Genius/components/seq1.vhd             ;         ;
; components/seq2.vhd              ; yes             ; User VHDL File  ; /home/allan/Desktop/Genius/Genius/components/seq2.vhd             ;         ;
; components/seq3.vhd              ; yes             ; User VHDL File  ; /home/allan/Desktop/Genius/Genius/components/seq3.vhd             ;         ;
; components/seq4.vhd              ; yes             ; User VHDL File  ; /home/allan/Desktop/Genius/Genius/components/seq4.vhd             ;         ;
+----------------------------------+-----------------+-----------------+-------------------------------------------------------------------+---------+


+--------------------------------------------------------------+
; Analysis & Synthesis Resource Usage Summary                  ;
+---------------------------------------------+----------------+
; Resource                                    ; Usage          ;
+---------------------------------------------+----------------+
; Estimate of Logic utilization (ALMs needed) ; 183            ;
;                                             ;                ;
; Combinational ALUT usage for logic          ; 243            ;
;     -- 7 input functions                    ; 7              ;
;     -- 6 input functions                    ; 48             ;
;     -- 5 input functions                    ; 27             ;
;     -- 4 input functions                    ; 16             ;
;     -- <=3 input functions                  ; 145            ;
;                                             ;                ;
; Dedicated logic registers                   ; 287            ;
;                                             ;                ;
; I/O pins                                    ; 67             ;
;                                             ;                ;
; Total DSP Blocks                            ; 0              ;
;                                             ;                ;
; Maximum fan-out node                        ; CLOCK_50~input ;
; Maximum fan-out                             ; 213            ;
; Total fan-out                               ; 2048           ;
; Average fan-out                             ; 3.08           ;
+---------------------------------------------+----------------+


+---------------------------------------------------------------------------------------------------------------------------------------------------------------------------------------------------------------------------------+
; Analysis & Synthesis Resource Utilization by Entity                                                                                                                                                                             ;
+------------------------------------+---------------------+---------------------------+-------------------+------------+------+--------------+-------------------------------------------------+------------------+--------------+
; Compilation Hierarchy Node         ; Combinational ALUTs ; Dedicated Logic Registers ; Block Memory Bits ; DSP Blocks ; Pins ; Virtual Pins ; Full Hierarchy Name                             ; Entity Name      ; Library Name ;
+------------------------------------+---------------------+---------------------------+-------------------+------------+------+--------------+-------------------------------------------------+------------------+--------------+
; |Genius                            ; 243 (0)             ; 287 (0)                   ; 0                 ; 0          ; 67   ; 0            ; |Genius                                         ; Genius           ; work         ;
;    |control:ctrl|                  ; 9 (9)               ; 7 (7)                     ; 0                 ; 0          ; 0    ; 0            ; |Genius|control:ctrl                            ; control          ; work         ;
;    |datapath:dtp|                  ; 234 (28)            ; 280 (0)                   ; 0                 ; 0          ; 0    ; 0            ; |Genius|datapath:dtp                            ; datapath         ; work         ;
;       |buttonSync:btn_sync|        ; 8 (8)               ; 8 (8)                     ; 0                 ; 0          ; 0    ; 0            ; |Genius|datapath:dtp|buttonSync:btn_sync        ; buttonSync       ; work         ;
;       |contador:counter_FPGA|      ; 6 (6)               ; 5 (5)                     ; 0                 ; 0          ; 0    ; 0            ; |Genius|datapath:dtp|contador:counter_FPGA      ; contador         ; work         ;
;       |contador:counter_round|     ; 5 (5)               ; 5 (5)                     ; 0                 ; 0          ; 0    ; 0            ; |Genius|datapath:dtp|contador:counter_round     ; contador         ; work         ;
;       |contador:counter_time|      ; 4 (4)               ; 5 (5)                     ; 0                 ; 0          ; 0    ; 0            ; |Genius|datapath:dtp|contador:counter_time      ; contador         ; work         ;
;       |contador:counter_user|      ; 6 (6)               ; 5 (5)                     ; 0                 ; 0          ; 0    ; 0            ; |Genius|datapath:dtp|contador:counter_user      ; contador         ; work         ;
;       |decodificador:h0_decod2|    ; 1 (1)               ; 0 (0)                     ; 0                 ; 0          ; 0    ; 0            ; |Genius|datapath:dtp|decodificador:h0_decod2    ; decodificador    ; work         ;
;       |decodificador:h1_decod|     ; 2 (2)               ; 0 (0)                     ; 0                 ; 0          ; 0    ; 0            ; |Genius|datapath:dtp|decodificador:h1_decod     ; decodificador    ; work         ;
;       |decodificador:h2_decod|     ; 1 (1)               ; 0 (0)                     ; 0                 ; 0          ; 0    ; 0            ; |Genius|datapath:dtp|decodificador:h2_decod     ; decodificador    ; work         ;
;       |divClock:FSM_clock|         ; 136 (136)           ; 116 (116)                 ; 0                 ; 0          ; 0    ; 0            ; |Genius|datapath:dtp|divClock:FSM_clock         ; divClock         ; work         ;
;       |multiplexador2:h0_mux|      ; 7 (7)               ; 0 (0)                     ; 0                 ; 0          ; 0    ; 0            ; |Genius|datapath:dtp|multiplexador2:h0_mux      ; multiplexador2   ; work         ;
;       |multiplexador2:h1_mux1|     ; 8 (8)               ; 0 (0)                     ; 0                 ; 0          ; 0    ; 0            ; |Genius|datapath:dtp|multiplexador2:h1_mux1     ; multiplexador2   ; work         ;
;       |multiplexador2:h2_mux2|     ; 7 (7)               ; 0 (0)                     ; 0                 ; 0          ; 0    ; 0            ; |Genius|datapath:dtp|multiplexador2:h2_mux2     ; multiplexador2   ; work         ;
;       |multiplexador2:h3_mux2|     ; 1 (1)               ; 0 (0)                     ; 0                 ; 0          ; 0    ; 0            ; |Genius|datapath:dtp|multiplexador2:h3_mux2     ; multiplexador2   ; work         ;
;       |multiplexador2:h4_mux2|     ; 6 (6)               ; 0 (0)                     ; 0                 ; 0          ; 0    ; 0            ; |Genius|datapath:dtp|multiplexador2:h4_mux2     ; multiplexador2   ; work         ;
;       |multiplexador2:h5_mux2|     ; 1 (1)               ; 0 (0)                     ; 0                 ; 0          ; 0    ; 0            ; |Genius|datapath:dtp|multiplexador2:h5_mux2     ; multiplexador2   ; work         ;
;       |multiplexador:seq_mux|      ; 4 (4)               ; 0 (0)                     ; 0                 ; 0          ; 0    ; 0            ; |Genius|datapath:dtp|multiplexador:seq_mux      ; multiplexador    ; work         ;
;       |multiplexadorclk:clock_mux| ; 3 (3)               ; 0 (0)                     ; 0                 ; 0          ; 0    ; 0            ; |Genius|datapath:dtp|multiplexadorclk:clock_mux ; multiplexadorclk ; work         ;
;       |registrador64:reg_fpga|     ; 0 (0)               ; 64 (64)                   ; 0                 ; 0          ; 0    ; 0            ; |Genius|datapath:dtp|registrador64:reg_fpga     ; registrador64    ; work         ;
;       |registrador64:reg_user|     ; 0 (0)               ; 64 (64)                   ; 0                 ; 0          ; 0    ; 0            ; |Genius|datapath:dtp|registrador64:reg_user     ; registrador64    ; work         ;
;       |registrador8:REG_setup|     ; 0 (0)               ; 8 (8)                     ; 0                 ; 0          ; 0    ; 0            ; |Genius|datapath:dtp|registrador8:REG_setup     ; registrador8     ; work         ;
+------------------------------------+---------------------+---------------------------+-------------------+------------+------+--------------+-------------------------------------------------+------------------+--------------+
Note: For table entries with two numbers listed, the numbers in parentheses indicate the number of resources of the given type used by the specific entity alone. The numbers listed outside of parentheses indicate the total resources of the given type used by the specific entity and all of its sub-entities in the hierarchy.


Encoding Type:  One-Hot
+----------------------------------------------------------------------------------------------------------+
; State Machine - |Genius|control:ctrl|ea                                                                  ;
+---------------+---------------+----------+-----------+--------------+--------------+----------+----------+
; Name          ; ea.next_round ; ea.check ; ea.result ; ea.play_user ; ea.play_fpga ; ea.setup ; ea.start ;
+---------------+---------------+----------+-----------+--------------+--------------+----------+----------+
; ea.start      ; 0             ; 0        ; 0         ; 0            ; 0            ; 0        ; 0        ;
; ea.setup      ; 0             ; 0        ; 0         ; 0            ; 0            ; 1        ; 1        ;
; ea.play_fpga  ; 0             ; 0        ; 0         ; 0            ; 1            ; 0        ; 1        ;
; ea.play_user  ; 0             ; 0        ; 0         ; 1            ; 0            ; 0        ; 1        ;
; ea.result     ; 0             ; 0        ; 1         ; 0            ; 0            ; 0        ; 1        ;
; ea.check      ; 0             ; 1        ; 0         ; 0            ; 0            ; 0        ; 1        ;
; ea.next_round ; 1             ; 0        ; 0         ; 0            ; 0            ; 0        ; 1        ;
+---------------+---------------+----------+-----------+--------------+--------------+----------+----------+


Encoding Type:  One-Hot
+-----------------------------------------------------------------------------------------------------------+
; State Machine - |Genius|datapath:dtp|buttonSync:btn_sync|btn_3state                                       ;
+---------------------------+--------------------------+------------------------+---------------------------+
; Name                      ; btn_3state.espera_soltar ; btn_3state.saida_ativa ; btn_3state.espera_apertar ;
+---------------------------+--------------------------+------------------------+---------------------------+
; btn_3state.espera_apertar ; 0                        ; 0                      ; 0                         ;
; btn_3state.saida_ativa    ; 0                        ; 1                      ; 1                         ;
; btn_3state.espera_soltar  ; 1                        ; 0                      ; 1                         ;
+---------------------------+--------------------------+------------------------+---------------------------+


Encoding Type:  One-Hot
+-----------------------------------------------------------------------------------------------------------+
; State Machine - |Genius|datapath:dtp|buttonSync:btn_sync|btn2_state                                       ;
+---------------------------+--------------------------+------------------------+---------------------------+
; Name                      ; btn2_state.espera_soltar ; btn2_state.saida_ativa ; btn2_state.espera_apertar ;
+---------------------------+--------------------------+------------------------+---------------------------+
; btn2_state.espera_apertar ; 0                        ; 0                      ; 0                         ;
; btn2_state.saida_ativa    ; 0                        ; 1                      ; 1                         ;
; btn2_state.espera_soltar  ; 1                        ; 0                      ; 1                         ;
+---------------------------+--------------------------+------------------------+---------------------------+


Encoding Type:  One-Hot
+-----------------------------------------------------------------------------------------------------------+
; State Machine - |Genius|datapath:dtp|buttonSync:btn_sync|btn1_state                                       ;
+---------------------------+--------------------------+------------------------+---------------------------+
; Name                      ; btn1_state.espera_soltar ; btn1_state.saida_ativa ; btn1_state.espera_apertar ;
+---------------------------+--------------------------+------------------------+---------------------------+
; btn1_state.espera_apertar ; 0                        ; 0                      ; 0                         ;
; btn1_state.saida_ativa    ; 0                        ; 1                      ; 1                         ;
; btn1_state.espera_soltar  ; 1                        ; 0                      ; 1                         ;
+---------------------------+--------------------------+------------------------+---------------------------+


Encoding Type:  One-Hot
+-----------------------------------------------------------------------------------------------------------+
; State Machine - |Genius|datapath:dtp|buttonSync:btn_sync|btn0_state                                       ;
+---------------------------+--------------------------+------------------------+---------------------------+
; Name                      ; btn0_state.espera_soltar ; btn0_state.saida_ativa ; btn0_state.espera_apertar ;
+---------------------------+--------------------------+------------------------+---------------------------+
; btn0_state.espera_apertar ; 0                        ; 0                      ; 0                         ;
; btn0_state.saida_ativa    ; 0                        ; 1                      ; 1                         ;
; btn0_state.espera_soltar  ; 1                        ; 0                      ; 1                         ;
+---------------------------+--------------------------+------------------------+---------------------------+


+--------------------------------------------------------------------------------+
; Registers Removed During Synthesis                                             ;
+-----------------------------------------------------------+--------------------+
; Register name                                             ; Reason for Removal ;
+-----------------------------------------------------------+--------------------+
; datapath:dtp|buttonSync:btn_sync|btn_3state.espera_soltar ; Lost fanout        ;
; datapath:dtp|buttonSync:btn_sync|btn2_state.espera_soltar ; Lost fanout        ;
; datapath:dtp|buttonSync:btn_sync|btn1_state.espera_soltar ; Lost fanout        ;
; datapath:dtp|buttonSync:btn_sync|btn0_state.espera_soltar ; Lost fanout        ;
; Total Number of Removed Registers = 4                     ;                    ;
+-----------------------------------------------------------+--------------------+


+------------------------------------------------------+
; General Register Statistics                          ;
+----------------------------------------------+-------+
; Statistic                                    ; Value ;
+----------------------------------------------+-------+
; Total registers                              ; 287   ;
; Number of registers using Synchronous Clear  ; 112   ;
; Number of registers using Synchronous Load   ; 0     ;
; Number of registers using Asynchronous Clear ; 275   ;
; Number of registers using Asynchronous Load  ; 0     ;
; Number of registers using Clock Enable       ; 150   ;
; Number of registers using Preset             ; 0     ;
+----------------------------------------------+-------+


+-----------------------------------------------------------------------------------------------------------------------------------------------------------------+
; Multiplexer Restructuring Statistics (Restructuring Performed)                                                                                                  ;
+--------------------+-----------+---------------+----------------------+------------------------+------------+---------------------------------------------------+
; Multiplexer Inputs ; Bus Width ; Baseline Area ; Area if Restructured ; Saving if Restructured ; Registered ; Example Multiplexer Output                        ;
+--------------------+-----------+---------------+----------------------+------------------------+------------+---------------------------------------------------+
; 3:1                ; 2 bits    ; 4 LEs         ; 4 LEs                ; 0 LEs                  ; No         ; |Genius|datapath:dtp|multiplexador2:h4_mux2|f[0]  ;
; 4:1                ; 3 bits    ; 6 LEs         ; 6 LEs                ; 0 LEs                  ; No         ; |Genius|datapath:dtp|multiplexador2:h4_mux2|f[4]  ;
; 13:1               ; 5 bits    ; 40 LEs        ; 40 LEs               ; 0 LEs                  ; No         ; |Genius|datapath:dtp|decodificador:h0_decod1|t[5] ;
; 13:1               ; 5 bits    ; 40 LEs        ; 40 LEs               ; 0 LEs                  ; No         ; |Genius|datapath:dtp|decodificador:h1_decod|t[0]  ;
+--------------------+-----------+---------------+----------------------+------------------------+------------+---------------------------------------------------+


+-----------------------------------------------------------------+
; Port Connectivity Checks: "datapath:dtp|multiplexador2:h1_mux1" ;
+---------+-------+----------+------------------------------------+
; Port    ; Type  ; Severity ; Details                            ;
+---------+-------+----------+------------------------------------+
; a[3..0] ; Input ; Info     ; Stuck at VCC                       ;
; a[6]    ; Input ; Info     ; Stuck at GND                       ;
; a[5]    ; Input ; Info     ; Stuck at VCC                       ;
; a[4]    ; Input ; Info     ; Stuck at GND                       ;
+---------+-------+----------+------------------------------------+


+-----------------------------------------------------------------+
; Port Connectivity Checks: "datapath:dtp|multiplexador2:h2_mux1" ;
+---------+-------+----------+------------------------------------+
; Port    ; Type  ; Severity ; Details                            ;
+---------+-------+----------+------------------------------------+
; a[6..4] ; Input ; Info     ; Stuck at GND                       ;
; a[2..0] ; Input ; Info     ; Stuck at GND                       ;
; a[3]    ; Input ; Info     ; Stuck at VCC                       ;
; b[3..0] ; Input ; Info     ; Stuck at VCC                       ;
; b[6]    ; Input ; Info     ; Stuck at GND                       ;
; b[5]    ; Input ; Info     ; Stuck at VCC                       ;
; b[4]    ; Input ; Info     ; Stuck at GND                       ;
+---------+-------+----------+------------------------------------+


+-----------------------------------------------------------------+
; Port Connectivity Checks: "datapath:dtp|multiplexador2:h3_mux2" ;
+---------+-------+----------+------------------------------------+
; Port    ; Type  ; Severity ; Details                            ;
+---------+-------+----------+------------------------------------+
; a[2..0] ; Input ; Info     ; Stuck at VCC                       ;
; a[6..3] ; Input ; Info     ; Stuck at GND                       ;
+---------+-------+----------+------------------------------------+


+-----------------------------------------------------------------+
; Port Connectivity Checks: "datapath:dtp|multiplexador2:h3_mux1" ;
+---------+-------+----------+------------------------------------+
; Port    ; Type  ; Severity ; Details                            ;
+---------+-------+----------+------------------------------------+
; a[6..5] ; Input ; Info     ; Stuck at GND                       ;
; a[3..0] ; Input ; Info     ; Stuck at GND                       ;
; a[4]    ; Input ; Info     ; Stuck at VCC                       ;
; b[2..1] ; Input ; Info     ; Stuck at VCC                       ;
; b[6..3] ; Input ; Info     ; Stuck at GND                       ;
; b[0]    ; Input ; Info     ; Stuck at GND                       ;
+---------+-------+----------+------------------------------------+


+-----------------------------------------------------------------+
; Port Connectivity Checks: "datapath:dtp|multiplexador2:h4_mux1" ;
+---------+-------+----------+------------------------------------+
; Port    ; Type  ; Severity ; Details                            ;
+---------+-------+----------+------------------------------------+
; a[3..2] ; Input ; Info     ; Stuck at VCC                       ;
; a[6..4] ; Input ; Info     ; Stuck at GND                       ;
; a[1..0] ; Input ; Info     ; Stuck at GND                       ;
; b[6..5] ; Input ; Info     ; Stuck at GND                       ;
; b[3..2] ; Input ; Info     ; Stuck at GND                       ;
; b[4]    ; Input ; Info     ; Stuck at VCC                       ;
; b[1]    ; Input ; Info     ; Stuck at VCC                       ;
; b[0]    ; Input ; Info     ; Stuck at GND                       ;
+---------+-------+----------+------------------------------------+


+-----------------------------------------------------------------+
; Port Connectivity Checks: "datapath:dtp|decodificador:h4_decod" ;
+---------+-------+----------+------------------------------------+
; Port    ; Type  ; Severity ; Details                            ;
+---------+-------+----------+------------------------------------+
; g[3..2] ; Input ; Info     ; Stuck at GND                       ;
+---------+-------+----------+------------------------------------+


+-----------------------------------------------------------------+
; Port Connectivity Checks: "datapath:dtp|multiplexador2:h5_mux2" ;
+---------+-------+----------+------------------------------------+
; Port    ; Type  ; Severity ; Details                            ;
+---------+-------+----------+------------------------------------+
; a[2..0] ; Input ; Info     ; Stuck at VCC                       ;
; a[5..3] ; Input ; Info     ; Stuck at GND                       ;
; a[6]    ; Input ; Info     ; Stuck at VCC                       ;
+---------+-------+----------+------------------------------------+


+-----------------------------------------------------------------+
; Port Connectivity Checks: "datapath:dtp|multiplexador2:h5_mux1" ;
+---------+-------+----------+------------------------------------+
; Port    ; Type  ; Severity ; Details                            ;
+---------+-------+----------+------------------------------------+
; a[3..1] ; Input ; Info     ; Stuck at VCC                       ;
; a[6..4] ; Input ; Info     ; Stuck at GND                       ;
; a[0]    ; Input ; Info     ; Stuck at GND                       ;
; b[5..1] ; Input ; Info     ; Stuck at GND                       ;
; b[6]    ; Input ; Info     ; Stuck at VCC                       ;
; b[0]    ; Input ; Info     ; Stuck at VCC                       ;
+---------+-------+----------+------------------------------------+


+----------------------------------------------------------------+
; Port Connectivity Checks: "datapath:dtp|contador:counter_time" ;
+---------+-------+----------+-----------------------------------+
; Port    ; Type  ; Severity ; Details                           ;
+---------+-------+----------+-----------------------------------+
; data[3] ; Input ; Info     ; Stuck at VCC                      ;
; data[2] ; Input ; Info     ; Stuck at GND                      ;
; data[1] ; Input ; Info     ; Stuck at VCC                      ;
; data[0] ; Input ; Info     ; Stuck at GND                      ;
+---------+-------+----------+-----------------------------------+


+--------------------------------------------------------------------------------------------------------------------+
; Port Connectivity Checks: "datapath:dtp|contador:counter_user"                                                     ;
+----------+--------+----------+-------------------------------------------------------------------------------------+
; Port     ; Type   ; Severity ; Details                                                                             ;
+----------+--------+----------+-------------------------------------------------------------------------------------+
; contagem ; Output ; Info     ; Connected to dangling logic. Logic that only feeds a dangling port will be removed. ;
+----------+--------+----------+-------------------------------------------------------------------------------------+


+-----------------------------------------------------+
; Post-Synthesis Netlist Statistics for Top Partition ;
+-----------------------+-----------------------------+
; Type                  ; Count                       ;
+-----------------------+-----------------------------+
; arriav_ff             ; 287                         ;
;     CLR               ; 17                          ;
;     CLR SCLR          ; 112                         ;
;     ENA               ; 4                           ;
;     ENA CLR           ; 146                         ;
;     plain             ; 8                           ;
; arriav_lcell_comb     ; 252                         ;
;     arith             ; 112                         ;
;         1 data inputs ; 112                         ;
;     extend            ; 7                           ;
;         7 data inputs ; 7                           ;
;     normal            ; 133                         ;
;         0 data inputs ; 1                           ;
;         1 data inputs ; 16                          ;
;         2 data inputs ; 14                          ;
;         3 data inputs ; 11                          ;
;         4 data inputs ; 16                          ;
;         5 data inputs ; 27                          ;
;         6 data inputs ; 48                          ;
; boundary_port         ; 67                          ;
;                       ;                             ;
; Max LUT depth         ; 4.00                        ;
; Average LUT depth     ; 2.75                        ;
+-----------------------+-----------------------------+


+-------------------------------+
; Elapsed Time Per Partition    ;
+----------------+--------------+
; Partition Name ; Elapsed Time ;
+----------------+--------------+
; Top            ; 00:00:01     ;
+----------------+--------------+


+-------------------------------+
; Analysis & Synthesis Messages ;
+-------------------------------+
Info: *******************************************************************
Info: Running Quartus Prime Analysis & Synthesis
    Info: Version 19.1.0 Build 670 09/22/2019 SJ Lite Edition
    Info: Processing started: Thu Nov 21 22:40:31 2019
Info: Command: quartus_map --read_settings_files=on --write_settings_files=off Genius -c Genius
Warning (18236): Number of processors has not been specified which may cause overloading on shared machines.  Set the global assignment NUM_PARALLEL_PROCESSORS in your QSF to an appropriate value for best performance.
Info (20030): Parallel compilation is enabled and will use 2 of the 2 processors detected
Info (12021): Found 2 design units, including 1 entities, in source file Genius.vhd
    Info (12022): Found design unit 1: Genius-arch_Genius File: /home/allan/Desktop/Genius/Genius/Genius.vhd Line: 13
    Info (12023): Found entity 1: Genius File: /home/allan/Desktop/Genius/Genius/Genius.vhd Line: 4
Info (12021): Found 2 design units, including 1 entities, in source file components/buttonSync.vhd
    Info (12022): Found design unit 1: buttonSync-buttonSyncImpl File: /home/allan/Desktop/Genius/Genius/components/buttonSync.vhd Line: 11
    Info (12023): Found entity 1: buttonSync File: /home/allan/Desktop/Genius/Genius/components/buttonSync.vhd Line: 4
Info (12021): Found 2 design units, including 1 entities, in source file components/comp.vhd
    Info (12022): Found design unit 1: comp-arch_comp File: /home/allan/Desktop/Genius/Genius/components/comp.vhd Line: 12
    Info (12023): Found entity 1: comp File: /home/allan/Desktop/Genius/Genius/components/comp.vhd Line: 5
Info (12021): Found 2 design units, including 1 entities, in source file components/contador.vhd
    Info (12022): Found design unit 1: contador-arch_contador File: /home/allan/Desktop/Genius/Genius/components/contador.vhd Line: 13
    Info (12023): Found entity 1: contador File: /home/allan/Desktop/Genius/Genius/components/contador.vhd Line: 5
Info (12021): Found 2 design units, including 1 entities, in source file components/control.vhd
    Info (12022): Found design unit 1: control-arch_control File: /home/allan/Desktop/Genius/Genius/components/control.vhd Line: 13
    Info (12023): Found entity 1: control File: /home/allan/Desktop/Genius/Genius/components/control.vhd Line: 4
Info (12021): Found 2 design units, including 1 entities, in source file components/datapath.vhd
    Info (12022): Found design unit 1: datapath-arch_dp File: /home/allan/Desktop/Genius/Genius/components/datapath.vhd Line: 16
    Info (12023): Found entity 1: datapath File: /home/allan/Desktop/Genius/Genius/components/datapath.vhd Line: 5
Info (12021): Found 2 design units, including 1 entities, in source file components/decodificador.vhd
    Info (12022): Found design unit 1: decodificador-arch_decodificador File: /home/allan/Desktop/Genius/Genius/components/decodificador.vhd Line: 10
    Info (12023): Found entity 1: decodificador File: /home/allan/Desktop/Genius/Genius/components/decodificador.vhd Line: 4
Info (12021): Found 2 design units, including 1 entities, in source file components/divClock.vhd
    Info (12022): Found design unit 1: divClock-arch_divClock File: /home/allan/Desktop/Genius/Genius/components/divClock.vhd Line: 12
    Info (12023): Found entity 1: divClock File: /home/allan/Desktop/Genius/Genius/components/divClock.vhd Line: 5
Info (12021): Found 2 design units, including 1 entities, in source file components/logic.vhd
    Info (12022): Found design unit 1: logic-arch_logic File: /home/allan/Desktop/Genius/Genius/components/logic.vhd Line: 14
    Info (12023): Found entity 1: logic File: /home/allan/Desktop/Genius/Genius/components/logic.vhd Line: 7
Info (12021): Found 2 design units, including 1 entities, in source file components/multiplexador.vhd
    Info (12022): Found design unit 1: multiplexador-arch_mux File: /home/allan/Desktop/Genius/Genius/components/multiplexador.vhd Line: 11
    Info (12023): Found entity 1: multiplexador File: /home/allan/Desktop/Genius/Genius/components/multiplexador.vhd Line: 4
Info (12021): Found 2 design units, including 1 entities, in source file components/multiplexador2.vhd
    Info (12022): Found design unit 1: multiplexador2-arch_mux File: /home/allan/Desktop/Genius/Genius/components/multiplexador2.vhd Line: 11
    Info (12023): Found entity 1: multiplexador2 File: /home/allan/Desktop/Genius/Genius/components/multiplexador2.vhd Line: 4
Info (12021): Found 2 design units, including 1 entities, in source file components/multiplexadorclk.vhd
    Info (12022): Found design unit 1: multiplexadorclk-arch_mux File: /home/allan/Desktop/Genius/Genius/components/multiplexadorclk.vhd Line: 11
    Info (12023): Found entity 1: multiplexadorclk File: /home/allan/Desktop/Genius/Genius/components/multiplexadorclk.vhd Line: 4
Info (12021): Found 2 design units, including 1 entities, in source file components/registrador8.vhd
    Info (12022): Found design unit 1: registrador8-arch_reg8 File: /home/allan/Desktop/Genius/Genius/components/registrador8.vhd Line: 11
    Info (12023): Found entity 1: registrador8 File: /home/allan/Desktop/Genius/Genius/components/registrador8.vhd Line: 4
Info (12021): Found 2 design units, including 1 entities, in source file components/registrador64.vhd
    Info (12022): Found design unit 1: registrador64-arch_reg64 File: /home/allan/Desktop/Genius/Genius/components/registrador64.vhd Line: 11
    Info (12023): Found entity 1: registrador64 File: /home/allan/Desktop/Genius/Genius/components/registrador64.vhd Line: 4
Info (12021): Found 2 design units, including 1 entities, in source file components/seq1.vhd
    Info (12022): Found design unit 1: seq1-arch_seq1 File: /home/allan/Desktop/Genius/Genius/components/seq1.vhd Line: 10
    Info (12023): Found entity 1: seq1 File: /home/allan/Desktop/Genius/Genius/components/seq1.vhd Line: 4
Info (12021): Found 2 design units, including 1 entities, in source file components/seq2.vhd
    Info (12022): Found design unit 1: seq2-arch_seq2 File: /home/allan/Desktop/Genius/Genius/components/seq2.vhd Line: 10
    Info (12023): Found entity 1: seq2 File: /home/allan/Desktop/Genius/Genius/components/seq2.vhd Line: 4
Info (12021): Found 2 design units, including 1 entities, in source file components/seq3.vhd
    Info (12022): Found design unit 1: seq3-arch_seq3 File: /home/allan/Desktop/Genius/Genius/components/seq3.vhd Line: 10
    Info (12023): Found entity 1: seq3 File: /home/allan/Desktop/Genius/Genius/components/seq3.vhd Line: 4
Info (12021): Found 2 design units, including 1 entities, in source file components/seq4.vhd
    Info (12022): Found design unit 1: seq4-arch_seq4 File: /home/allan/Desktop/Genius/Genius/components/seq4.vhd Line: 10
    Info (12023): Found entity 1: seq4 File: /home/allan/Desktop/Genius/Genius/components/seq4.vhd Line: 4
Info (12127): Elaborating entity "Genius" for the top level hierarchy
Warning (10873): Using initial value X (don't care) for net "LEDR[4]" at Genius.vhd(8) File: /home/allan/Desktop/Genius/Genius/Genius.vhd Line: 8
Info (12128): Elaborating entity "datapath" for hierarchy "datapath:dtp" File: /home/allan/Desktop/Genius/Genius/Genius.vhd Line: 62
Info (12128): Elaborating entity "logic" for hierarchy "datapath:dtp|logic:logica" File: /home/allan/Desktop/Genius/Genius/components/datapath.vhd Line: 160
Info (12128): Elaborating entity "comp" for hierarchy "datapath:dtp|comp:cmp" File: /home/allan/Desktop/Genius/Genius/components/datapath.vhd Line: 166
Info (12128): Elaborating entity "registrador64" for hierarchy "datapath:dtp|registrador64:reg_user" File: /home/allan/Desktop/Genius/Genius/components/datapath.vhd Line: 175
Info (12128): Elaborating entity "contador" for hierarchy "datapath:dtp|contador:counter_user" File: /home/allan/Desktop/Genius/Genius/components/datapath.vhd Line: 192
Info (12128): Elaborating entity "multiplexador" for hierarchy "datapath:dtp|multiplexador:seq_mux" File: /home/allan/Desktop/Genius/Genius/components/datapath.vhd Line: 201
Info (12128): Elaborating entity "seq1" for hierarchy "datapath:dtp|seq1:sequencia_1" File: /home/allan/Desktop/Genius/Genius/components/datapath.vhd Line: 210
Info (10041): Inferred latch for "outp[0]" at seq1.vhd(12) File: /home/allan/Desktop/Genius/Genius/components/seq1.vhd Line: 12
Info (10041): Inferred latch for "outp[1]" at seq1.vhd(12) File: /home/allan/Desktop/Genius/Genius/components/seq1.vhd Line: 12
Info (10041): Inferred latch for "outp[2]" at seq1.vhd(12) File: /home/allan/Desktop/Genius/Genius/components/seq1.vhd Line: 12
Info (10041): Inferred latch for "outp[3]" at seq1.vhd(12) File: /home/allan/Desktop/Genius/Genius/components/seq1.vhd Line: 12
Info (12128): Elaborating entity "seq2" for hierarchy "datapath:dtp|seq2:sequencia_2" File: /home/allan/Desktop/Genius/Genius/components/datapath.vhd Line: 215
Info (10041): Inferred latch for "outp[0]" at seq2.vhd(12) File: /home/allan/Desktop/Genius/Genius/components/seq2.vhd Line: 12
Info (10041): Inferred latch for "outp[1]" at seq2.vhd(12) File: /home/allan/Desktop/Genius/Genius/components/seq2.vhd Line: 12
Info (10041): Inferred latch for "outp[2]" at seq2.vhd(12) File: /home/allan/Desktop/Genius/Genius/components/seq2.vhd Line: 12
Info (10041): Inferred latch for "outp[3]" at seq2.vhd(12) File: /home/allan/Desktop/Genius/Genius/components/seq2.vhd Line: 12
Info (12128): Elaborating entity "seq3" for hierarchy "datapath:dtp|seq3:sequencia_3" File: /home/allan/Desktop/Genius/Genius/components/datapath.vhd Line: 220
Info (10041): Inferred latch for "outp[0]" at seq3.vhd(12) File: /home/allan/Desktop/Genius/Genius/components/seq3.vhd Line: 12
Info (10041): Inferred latch for "outp[1]" at seq3.vhd(12) File: /home/allan/Desktop/Genius/Genius/components/seq3.vhd Line: 12
Info (10041): Inferred latch for "outp[2]" at seq3.vhd(12) File: /home/allan/Desktop/Genius/Genius/components/seq3.vhd Line: 12
Info (10041): Inferred latch for "outp[3]" at seq3.vhd(12) File: /home/allan/Desktop/Genius/Genius/components/seq3.vhd Line: 12
Info (12128): Elaborating entity "seq4" for hierarchy "datapath:dtp|seq4:sequencia_4" File: /home/allan/Desktop/Genius/Genius/components/datapath.vhd Line: 225
Info (10041): Inferred latch for "outp[0]" at seq4.vhd(12) File: /home/allan/Desktop/Genius/Genius/components/seq4.vhd Line: 12
Info (10041): Inferred latch for "outp[1]" at seq4.vhd(12) File: /home/allan/Desktop/Genius/Genius/components/seq4.vhd Line: 12
Info (10041): Inferred latch for "outp[2]" at seq4.vhd(12) File: /home/allan/Desktop/Genius/Genius/components/seq4.vhd Line: 12
Info (10041): Inferred latch for "outp[3]" at seq4.vhd(12) File: /home/allan/Desktop/Genius/Genius/components/seq4.vhd Line: 12
Info (12128): Elaborating entity "divClock" for hierarchy "datapath:dtp|divClock:FSM_clock" File: /home/allan/Desktop/Genius/Genius/components/datapath.vhd Line: 257
Info (12128): Elaborating entity "multiplexadorclk" for hierarchy "datapath:dtp|multiplexadorclk:clock_mux" File: /home/allan/Desktop/Genius/Genius/components/datapath.vhd Line: 266
Info (12128): Elaborating entity "registrador8" for hierarchy "datapath:dtp|registrador8:REG_setup" File: /home/allan/Desktop/Genius/Genius/components/datapath.vhd Line: 275
Info (12128): Elaborating entity "buttonSync" for hierarchy "datapath:dtp|buttonSync:btn_sync" File: /home/allan/Desktop/Genius/Genius/components/datapath.vhd Line: 283
Info (12128): Elaborating entity "multiplexador2" for hierarchy "datapath:dtp|multiplexador2:h5_mux1" File: /home/allan/Desktop/Genius/Genius/components/datapath.vhd Line: 300
Info (12128): Elaborating entity "decodificador" for hierarchy "datapath:dtp|decodificador:h4_decod" File: /home/allan/Desktop/Genius/Genius/components/datapath.vhd Line: 303
Info (10041): Inferred latch for "t[0]" at decodificador.vhd(12) File: /home/allan/Desktop/Genius/Genius/components/decodificador.vhd Line: 12
Info (10041): Inferred latch for "t[1]" at decodificador.vhd(12) File: /home/allan/Desktop/Genius/Genius/components/decodificador.vhd Line: 12
Info (10041): Inferred latch for "t[2]" at decodificador.vhd(12) File: /home/allan/Desktop/Genius/Genius/components/decodificador.vhd Line: 12
Info (10041): Inferred latch for "t[3]" at decodificador.vhd(12) File: /home/allan/Desktop/Genius/Genius/components/decodificador.vhd Line: 12
Info (10041): Inferred latch for "t[4]" at decodificador.vhd(12) File: /home/allan/Desktop/Genius/Genius/components/decodificador.vhd Line: 12
Info (10041): Inferred latch for "t[5]" at decodificador.vhd(12) File: /home/allan/Desktop/Genius/Genius/components/decodificador.vhd Line: 12
Info (10041): Inferred latch for "t[6]" at decodificador.vhd(12) File: /home/allan/Desktop/Genius/Genius/components/decodificador.vhd Line: 12
Info (12128): Elaborating entity "control" for hierarchy "control:ctrl" File: /home/allan/Desktop/Genius/Genius/Genius.vhd Line: 88
Warning (19016): Clock multiplexers are found and protected
    Warning (19017): Found clock multiplexer datapath:dtp|multiplexadorclk:clock_mux|f File: /home/allan/Desktop/Genius/Genius/components/multiplexadorclk.vhd Line: 7
    Warning (19017): Found clock multiplexer datapath:dtp|multiplexadorclk:clock_mux|f~0 File: /home/allan/Desktop/Genius/Genius/components/multiplexadorclk.vhd Line: 7
    Warning (19017): Found clock multiplexer datapath:dtp|multiplexadorclk:clock_mux|f~1 File: /home/allan/Desktop/Genius/Genius/components/multiplexadorclk.vhd Line: 7
Warning (13024): Output pins are stuck at VCC or GND
    Warning (13410): Pin "LEDR[4]" is stuck at GND File: /home/allan/Desktop/Genius/Genius/Genius.vhd Line: 8
    Warning (13410): Pin "HEX3[3]" is stuck at GND File: /home/allan/Desktop/Genius/Genius/Genius.vhd Line: 9
    Warning (13410): Pin "HEX3[5]" is stuck at GND File: /home/allan/Desktop/Genius/Genius/Genius.vhd Line: 9
    Warning (13410): Pin "HEX3[6]" is stuck at GND File: /home/allan/Desktop/Genius/Genius/Genius.vhd Line: 9
    Warning (13410): Pin "HEX5[4]" is stuck at GND File: /home/allan/Desktop/Genius/Genius/Genius.vhd Line: 9
    Warning (13410): Pin "HEX5[5]" is stuck at GND File: /home/allan/Desktop/Genius/Genius/Genius.vhd Line: 9
Info (286030): Timing-Driven Synthesis is running
Info (17049): 4 registers lost all their fanouts during netlist optimizations.
Info (16010): Generating hard_block partition "hard_block:auto_generated_inst"
    Info (16011): Adding 0 node(s), including 0 DDIO, 0 PLL, 0 transceiver and 0 LCELL
Info (21057): Implemented 447 device resources after synthesis - the final resource count might be different
    Info (21058): Implemented 15 input pins
    Info (21059): Implemented 52 output pins
    Info (21061): Implemented 380 logic cells
Info: Quartus Prime Analysis & Synthesis was successful. 0 errors, 13 warnings
    Info: Peak virtual memory: 1001 megabytes
    Info: Processing ended: Thu Nov 21 22:40:42 2019
    Info: Elapsed time: 00:00:11
    Info: Total CPU time (on all processors): 00:00:23


